{
  "stats": {
    "suites": 2,
    "tests": 2,
    "passes": 2,
    "pending": 0,
    "failures": 0,
    "start": "2023-10-19T10:09:46.024Z",
    "end": "2023-10-19T10:09:53.917Z",
    "duration": 7893,
    "testsRegistered": 2,
    "passPercent": 100,
    "pendingPercent": 0,
    "other": 0,
    "hasOther": false,
    "skipped": 0,
    "hasSkipped": false
  },
  "results": [
    {
      "uuid": "babc8911-c0f9-4d0c-b21f-8c080a0c55e7",
      "title": "",
      "fullFile": "",
      "file": "",
      "beforeHooks": [],
      "afterHooks": [],
      "tests": [],
      "suites": [
        {
          "uuid": "7ccc7567-3ad9-4ca9-a211-d532a79371c8",
          "title": "Add todo tests",
          "fullFile": "C:\\Users\\emilyi\\Selenium WebDriver\\test\\firstTest.js",
          "file": "\\test\\firstTest.js",
          "beforeHooks": [],
          "afterHooks": [],
          "tests": [
            {
              "title": "Successfully adds a todo to application",
              "fullTitle": "Add todo tests Successfully adds a todo to application",
              "timedOut": null,
              "duration": 7277,
              "state": "passed",
              "speed": "slow",
              "pass": true,
              "fail": false,
              "pending": false,
              "context": null,
              "code": "//launch the browser\nlet driver = await new Builder().forBrowser(\"firefox\").build();\n//navigate to our application\nawait driver.get(\"https://lambdatest.github.io/sample-todo-app/\");\n//Add a todo\nawait driver\n  .findElement(By.id(\"sampletodotext\"))\n  .sendKeys(\"Lambda\", Key.ENTER);\n\n//assert\nlet todoText = await driver\n  .findElement(By.xpath(\"//li[last()]\"))\n  .getText()\n  .then(function (value) {\n    return value;\n  });\n//assert using node assertion\n//   assert.strictEqual(todoText, \"Lambda\");\n//assert using chai should\ntodoText.should.equal(\"Lambda\");\n//Close the browser\nawait driver.quit();",
              "err": {},
              "uuid": "9cba1be2-b9c4-4819-875d-682cc51c8ef9",
              "parentUUID": null,
              "isHook": false,
              "skipped": false
            }
          ],
          "suites": [],
          "passes": [
            "9cba1be2-b9c4-4819-875d-682cc51c8ef9"
          ],
          "failures": [],
          "pending": [],
          "skipped": [],
          "duration": 7277,
          "root": false,
          "rootEmpty": false,
          "_timeout": null
        },
        {
          "uuid": "5277bd4f-6b56-4c4f-9f66-e0d700ebb9d3",
          "title": "Add another todo tests",
          "fullFile": "C:\\Users\\emilyi\\Selenium WebDriver\\test\\secondTest.js",
          "file": "\\test\\secondTest.js",
          "beforeHooks": [],
          "afterHooks": [],
          "tests": [
            {
              "title": "Successfully adds a todo to application",
              "fullTitle": "Add another todo tests Successfully adds a todo to application",
              "timedOut": null,
              "duration": 7352,
              "state": "passed",
              "speed": "slow",
              "pass": true,
              "fail": false,
              "pending": false,
              "context": null,
              "code": "//launch the browser\nlet driver = await new Builder().forBrowser(\"firefox\").build();\n//navigate to our application\nawait driver.get(\"https://lambdatest.github.io/sample-todo-app/\");\n//Add a todo\nawait driver\n  .findElement(By.id(\"sampletodotext\"))\n  .sendKeys(\"Lambda\", Key.ENTER);\n\n//assert\nlet todoText = await driver\n  .findElement(By.xpath(\"//li[last()]\"))\n  .getText()\n  .then(function (value) {\n    return value;\n  });\n//assert using node assertion\n//   assert.strictEqual(todoText, \"Lambda\");\n//assert using chai should\ntodoText.should.equal(\"Lambda\");\n//Close the browser\nawait driver.quit();",
              "err": {},
              "uuid": "e0933262-382c-48b4-a7a9-3342d777b42a",
              "parentUUID": null,
              "isHook": false,
              "skipped": false
            }
          ],
          "suites": [],
          "passes": [
            "e0933262-382c-48b4-a7a9-3342d777b42a"
          ],
          "failures": [],
          "pending": [],
          "skipped": [],
          "duration": 7352,
          "root": false,
          "rootEmpty": false,
          "_timeout": null
        }
      ],
      "passes": [],
      "failures": [],
      "pending": [],
      "skipped": [],
      "duration": 0,
      "root": true,
      "rootEmpty": true,
      "_timeout": 0
    }
  ],
  "meta": {
    "mocha": {
      "version": "10.2.0"
    },
    "mochawesome": {
      "options": {
        "quiet": false,
        "reportFilename": "mochawesome",
        "saveHtml": true,
        "saveJson": true,
        "consoleReporter": "spec",
        "useInlineDiffs": false,
        "code": true
      },
      "version": "7.1.3"
    },
    "marge": {
      "options": null,
      "version": "6.2.0"
    }
  }
}